Index page accessed
Index page accessed
Index page accessed
Index page accessed
Error in about page: division by zero
Traceback (most recent call last):
  File "C:\Users\Veronika\project\myproject\myapp\views.py", line 16, in about
    result = 1 / 0
ZeroDivisionError: division by zero
Index page accessed
INFO 2024-02-13 01:28:15,927 autoreload 10732 10352 Watching for file changes with StatReloader
INFO 2024-02-13 01:28:20,287 autoreload 9800 10060 Watching for file changes with StatReloader
INFO 2024-02-13 01:28:22,000 views 9800 2236 Index page accessed
INFO 2024-02-13 01:28:22,002 basehttp 9800 2236 "GET / HTTP/1.1" 200 11
INFO 2024-02-13 01:28:25,567 views 9800 2236 Index page accessed
INFO 2024-02-13 01:28:25,568 basehttp 9800 2236 "GET / HTTP/1.1" 200 11
INFO 2024-02-13 01:28:25,788 views 9800 2236 Index page accessed
INFO 2024-02-13 01:28:25,788 basehttp 9800 2236 "GET / HTTP/1.1" 200 11
INFO 2024-02-13 01:28:25,996 views 9800 2236 Index page accessed
INFO 2024-02-13 01:28:25,997 basehttp 9800 2236 "GET / HTTP/1.1" 200 11
INFO 2024-02-13 01:28:26,188 views 9800 2236 Index page accessed
INFO 2024-02-13 01:28:26,189 basehttp 9800 2236 "GET / HTTP/1.1" 200 11
INFO 2024-02-13 01:28:26,700 views 9800 2236 Index page accessed
INFO 2024-02-13 01:28:26,701 basehttp 9800 2236 "GET / HTTP/1.1" 200 11
INFO 2024-02-13 01:28:27,236 views 9800 2236 Index page accessed
INFO 2024-02-13 01:28:27,236 basehttp 9800 2236 "GET / HTTP/1.1" 200 11
WARNING 2024-02-13 01:28:33,320 log 9800 2236 Not Found: /index
WARNING 2024-02-13 01:28:33,320 basehttp 9800 2236 "GET /index HTTP/1.1" 404 2423
WARNING 2024-02-13 01:28:45,779 log 9800 2236 Not Found: /fbout
WARNING 2024-02-13 01:28:45,780 basehttp 9800 2236 "GET /fbout HTTP/1.1" 404 2423
ERROR 2024-02-13 01:28:51,009 views 9800 2236 Error in about page: division by zero
Traceback (most recent call last):
  File "C:\Users\Veronika\project\myproject\myapp\views.py", line 16, in about
    result = 1 / 0
ZeroDivisionError: division by zero
INFO 2024-02-13 01:28:51,009 basehttp 9800 2236 "GET /about/ HTTP/1.1" 200 27
INFO 2024-02-13 01:29:03,410 views 9800 2236 Index page accessed
INFO 2024-02-13 01:29:03,411 basehttp 9800 2236 "GET / HTTP/1.1" 200 11
INFO 2024-02-13 01:33:31,640 autoreload 10712 9964 Watching for file changes with StatReloader
INFO 2024-02-13 01:40:11,003 autoreload 4112 11168 Watching for file changes with StatReloader
INFO 2024-02-13 01:40:15,046 views 4112 8536 Index page accessed
INFO 2024-02-13 01:40:15,048 basehttp 4112 8536 "GET / HTTP/1.1" 200 10
INFO 2024-02-13 01:40:31,339 autoreload 4112 11168 C:\Users\Veronika\project\myproject\hw1app\views.py changed, reloading.
INFO 2024-02-13 01:40:32,013 autoreload 8632 10828 Watching for file changes with StatReloader
INFO 2024-02-13 01:41:48,504 autoreload 8632 10828 C:\Users\Veronika\project\myproject\hw1app\views.py changed, reloading.
INFO 2024-02-13 01:41:49,120 autoreload 10516 11084 Watching for file changes with StatReloader
INFO 2024-02-13 01:42:32,231 autoreload 10516 11084 C:\Users\Veronika\project\myproject\hw1app\views.py changed, reloading.
INFO 2024-02-13 01:42:32,905 autoreload 6792 11076 Watching for file changes with StatReloader
INFO 2024-02-13 01:44:55,470 autoreload 6792 11076 C:\Users\Veronika\project\myproject\hw1app\views.py changed, reloading.
INFO 2024-02-13 01:44:56,054 autoreload 4232 9528 Watching for file changes with StatReloader
INFO 2024-02-13 01:45:02,481 autoreload 10060 4100 Watching for file changes with StatReloader
INFO 2024-02-13 01:45:03,780 views 10060 11112 Index page accessed
ERROR 2024-02-13 01:45:03,906 log 10060 11112 Internal Server Error: /
Traceback (most recent call last):
  File "C:\Users\Veronika\project\venv\lib\site-packages\django\core\handlers\exception.py", line 55, in inner
    response = get_response(request)
  File "C:\Users\Veronika\project\venv\lib\site-packages\django\core\handlers\base.py", line 197, in _get_response
    response = wrapped_callback(request, *callback_args, **callback_kwargs)
  File "C:\Users\Veronika\project\myproject\hw1app\views.py", line 10, in index
    return render(request, './templates/home.html')
  File "C:\Users\Veronika\project\venv\lib\site-packages\django\shortcuts.py", line 25, in render
    content = loader.render_to_string(template_name, context, request, using=using)
  File "C:\Users\Veronika\project\venv\lib\site-packages\django\template\loader.py", line 61, in render_to_string
    template = get_template(template_name, using=using)
  File "C:\Users\Veronika\project\venv\lib\site-packages\django\template\loader.py", line 19, in get_template
    raise TemplateDoesNotExist(template_name, chain=chain)
django.template.exceptions.TemplateDoesNotExist: ./templates/home.html
ERROR 2024-02-13 01:45:03,911 basehttp 10060 11112 "GET / HTTP/1.1" 500 80510
INFO 2024-02-13 01:45:28,312 autoreload 10060 4100 C:\Users\Veronika\project\myproject\hw1app\views.py changed, reloading.
INFO 2024-02-13 01:45:28,869 autoreload 8232 2544 Watching for file changes with StatReloader
INFO 2024-02-13 01:45:30,328 views 8232 10468 Index page accessed
ERROR 2024-02-13 01:45:30,412 log 8232 10468 Internal Server Error: /
Traceback (most recent call last):
  File "C:\Users\Veronika\project\venv\lib\site-packages\django\core\handlers\exception.py", line 55, in inner
    response = get_response(request)
  File "C:\Users\Veronika\project\venv\lib\site-packages\django\core\handlers\base.py", line 197, in _get_response
    response = wrapped_callback(request, *callback_args, **callback_kwargs)
  File "C:\Users\Veronika\project\myproject\hw1app\views.py", line 10, in index
    return render(request, 'templates/home.html')
  File "C:\Users\Veronika\project\venv\lib\site-packages\django\shortcuts.py", line 25, in render
    content = loader.render_to_string(template_name, context, request, using=using)
  File "C:\Users\Veronika\project\venv\lib\site-packages\django\template\loader.py", line 61, in render_to_string
    template = get_template(template_name, using=using)
  File "C:\Users\Veronika\project\venv\lib\site-packages\django\template\loader.py", line 19, in get_template
    raise TemplateDoesNotExist(template_name, chain=chain)
django.template.exceptions.TemplateDoesNotExist: templates/home.html
ERROR 2024-02-13 01:45:30,417 basehttp 8232 10468 "GET / HTTP/1.1" 500 80490
INFO 2024-02-13 01:46:10,990 autoreload 8232 2544 C:\Users\Veronika\project\myproject\hw1app\views.py changed, reloading.
INFO 2024-02-13 01:46:11,567 autoreload 5332 10548 Watching for file changes with StatReloader
INFO 2024-02-13 01:46:15,136 views 5332 8596 Index page accessed
INFO 2024-02-13 01:46:15,141 basehttp 5332 8596 "GET / HTTP/1.1" 200 132
INFO 2024-02-13 01:48:27,333 autoreload 5332 10548 C:\Users\Veronika\project\myproject\hw1app\views.py changed, reloading.
INFO 2024-02-13 01:48:27,932 autoreload 10440 5868 Watching for file changes with StatReloader
INFO 2024-02-13 01:48:30,590 views 10440 2100 Index page accessed
INFO 2024-02-13 01:48:30,595 basehttp 10440 2100 "GET / HTTP/1.1" 200 864
INFO 2024-02-13 01:48:30,749 basehttp 10440 2100 "GET /static/css/style.css HTTP/1.1" 200 2325
INFO 2024-02-13 01:48:30,968 basehttp 10440 2100 "GET /static/img/style_village.jpg HTTP/1.1" 200 185005
INFO 2024-02-13 01:49:25,020 autoreload 10440 5868 C:\Users\Veronika\project\myproject\hw1app\views.py changed, reloading.
INFO 2024-02-13 01:49:25,609 autoreload 10676 10468 Watching for file changes with StatReloader
INFO 2024-02-13 01:49:27,778 views 10676 1576 Index page accessed
ERROR 2024-02-13 01:49:27,929 log 10676 1576 Internal Server Error: /
Traceback (most recent call last):
  File "C:\Users\Veronika\project\venv\lib\site-packages\django\core\handlers\exception.py", line 55, in inner
    response = get_response(request)
  File "C:\Users\Veronika\project\venv\lib\site-packages\django\core\handlers\base.py", line 197, in _get_response
    response = wrapped_callback(request, *callback_args, **callback_kwargs)
  File "C:\Users\Veronika\project\myproject\hw1app\views.py", line 10, in index
    return render(request, './index.html')
  File "C:\Users\Veronika\project\venv\lib\site-packages\django\shortcuts.py", line 25, in render
    content = loader.render_to_string(template_name, context, request, using=using)
  File "C:\Users\Veronika\project\venv\lib\site-packages\django\template\loader.py", line 61, in render_to_string
    template = get_template(template_name, using=using)
  File "C:\Users\Veronika\project\venv\lib\site-packages\django\template\loader.py", line 15, in get_template
    return engine.get_template(template_name)
  File "C:\Users\Veronika\project\venv\lib\site-packages\django\template\backends\django.py", line 33, in get_template
    return Template(self.engine.get_template(template_name), self)
  File "C:\Users\Veronika\project\venv\lib\site-packages\django\template\engine.py", line 177, in get_template
    template, origin = self.find_template(template_name)
  File "C:\Users\Veronika\project\venv\lib\site-packages\django\template\engine.py", line 159, in find_template
    template = loader.get_template(name, skip=skip)
  File "C:\Users\Veronika\project\venv\lib\site-packages\django\template\loaders\cached.py", line 57, in get_template
    template = super().get_template(template_name, skip)
  File "C:\Users\Veronika\project\venv\lib\site-packages\django\template\loaders\base.py", line 28, in get_template
    return Template(
  File "C:\Users\Veronika\project\venv\lib\site-packages\django\template\base.py", line 154, in __init__
    self.nodelist = self.compile_nodelist()
  File "C:\Users\Veronika\project\venv\lib\site-packages\django\template\base.py", line 196, in compile_nodelist
    return parser.parse()
  File "C:\Users\Veronika\project\venv\lib\site-packages\django\template\base.py", line 510, in parse
    raise self.error(token, e)
  File "C:\Users\Veronika\project\venv\lib\site-packages\django\template\base.py", line 508, in parse
    compiled_result = compile_func(self, token)
  File "C:\Users\Veronika\project\venv\lib\site-packages\django\template\loader_tags.py", line 295, in do_extends
    nodelist = parser.parse()
  File "C:\Users\Veronika\project\venv\lib\site-packages\django\template\base.py", line 510, in parse
    raise self.error(token, e)
  File "C:\Users\Veronika\project\venv\lib\site-packages\django\template\base.py", line 508, in parse
    compiled_result = compile_func(self, token)
  File "C:\Users\Veronika\project\venv\lib\site-packages\django\template\loader_tags.py", line 234, in do_block
    nodelist = parser.parse(("endblock",))
  File "C:\Users\Veronika\project\venv\lib\site-packages\django\template\base.py", line 481, in parse
    raise self.error(token, e)
  File "C:\Users\Veronika\project\venv\lib\site-packages\django\template\base.py", line 479, in parse
    filter_expression = self.compile_filter(token.contents)
  File "C:\Users\Veronika\project\venv\lib\site-packages\django\template\base.py", line 597, in compile_filter
    return FilterExpression(token, self)
  File "C:\Users\Veronika\project\venv\lib\site-packages\django\template\base.py", line 698, in __init__
    raise TemplateSyntaxError(
django.template.exceptions.TemplateSyntaxError: Could not parse the remainder: '()' from 'super()'
ERROR 2024-02-13 01:49:27,936 basehttp 10676 1576 "GET / HTTP/1.1" 500 169139
INFO 2024-02-13 01:55:55,176 autoreload 10676 10468 C:\Users\Veronika\project\myproject\hw1app\views.py changed, reloading.
INFO 2024-02-13 01:55:55,799 autoreload 8376 896 Watching for file changes with StatReloader
INFO 2024-02-13 01:55:57,103 views 8376 1176 Index page accessed
ERROR 2024-02-13 01:55:57,201 log 8376 1176 Internal Server Error: /
Traceback (most recent call last):
  File "C:\Users\Veronika\project\venv\lib\site-packages\django\core\handlers\exception.py", line 55, in inner
    response = get_response(request)
  File "C:\Users\Veronika\project\venv\lib\site-packages\django\core\handlers\base.py", line 197, in _get_response
    response = wrapped_callback(request, *callback_args, **callback_kwargs)
  File "C:\Users\Veronika\project\myproject\hw1app\views.py", line 10, in index
    return render(request, './index.html')
  File "C:\Users\Veronika\project\venv\lib\site-packages\django\shortcuts.py", line 25, in render
    content = loader.render_to_string(template_name, context, request, using=using)
  File "C:\Users\Veronika\project\venv\lib\site-packages\django\template\loader.py", line 61, in render_to_string
    template = get_template(template_name, using=using)
  File "C:\Users\Veronika\project\venv\lib\site-packages\django\template\loader.py", line 15, in get_template
    return engine.get_template(template_name)
  File "C:\Users\Veronika\project\venv\lib\site-packages\django\template\backends\django.py", line 33, in get_template
    return Template(self.engine.get_template(template_name), self)
  File "C:\Users\Veronika\project\venv\lib\site-packages\django\template\engine.py", line 177, in get_template
    template, origin = self.find_template(template_name)
  File "C:\Users\Veronika\project\venv\lib\site-packages\django\template\engine.py", line 159, in find_template
    template = loader.get_template(name, skip=skip)
  File "C:\Users\Veronika\project\venv\lib\site-packages\django\template\loaders\cached.py", line 57, in get_template
    template = super().get_template(template_name, skip)
  File "C:\Users\Veronika\project\venv\lib\site-packages\django\template\loaders\base.py", line 28, in get_template
    return Template(
  File "C:\Users\Veronika\project\venv\lib\site-packages\django\template\base.py", line 154, in __init__
    self.nodelist = self.compile_nodelist()
  File "C:\Users\Veronika\project\venv\lib\site-packages\django\template\base.py", line 196, in compile_nodelist
    return parser.parse()
  File "C:\Users\Veronika\project\venv\lib\site-packages\django\template\base.py", line 510, in parse
    raise self.error(token, e)
  File "C:\Users\Veronika\project\venv\lib\site-packages\django\template\base.py", line 508, in parse
    compiled_result = compile_func(self, token)
  File "C:\Users\Veronika\project\venv\lib\site-packages\django\template\loader_tags.py", line 295, in do_extends
    nodelist = parser.parse()
  File "C:\Users\Veronika\project\venv\lib\site-packages\django\template\base.py", line 510, in parse
    raise self.error(token, e)
  File "C:\Users\Veronika\project\venv\lib\site-packages\django\template\base.py", line 508, in parse
    compiled_result = compile_func(self, token)
  File "C:\Users\Veronika\project\venv\lib\site-packages\django\template\loader_tags.py", line 234, in do_block
    nodelist = parser.parse(("endblock",))
  File "C:\Users\Veronika\project\venv\lib\site-packages\django\template\base.py", line 481, in parse
    raise self.error(token, e)
  File "C:\Users\Veronika\project\venv\lib\site-packages\django\template\base.py", line 479, in parse
    filter_expression = self.compile_filter(token.contents)
  File "C:\Users\Veronika\project\venv\lib\site-packages\django\template\base.py", line 597, in compile_filter
    return FilterExpression(token, self)
  File "C:\Users\Veronika\project\venv\lib\site-packages\django\template\base.py", line 698, in __init__
    raise TemplateSyntaxError(
django.template.exceptions.TemplateSyntaxError: Could not parse the remainder: '()' from 'super()'
ERROR 2024-02-13 01:55:57,210 basehttp 8376 1176 "GET / HTTP/1.1" 500 169141
INFO 2024-02-13 01:56:29,507 basehttp 8376 1176 "GET /clothes HTTP/1.1" 301 0
DEBUG 2024-02-13 01:56:29,510 views 8376 10496 Clothes page accessed
ERROR 2024-02-13 01:56:29,552 log 8376 10496 Internal Server Error: /clothes/
Traceback (most recent call last):
  File "C:\Users\Veronika\project\venv\lib\site-packages\django\core\handlers\exception.py", line 55, in inner
    response = get_response(request)
  File "C:\Users\Veronika\project\venv\lib\site-packages\django\core\handlers\base.py", line 197, in _get_response
    response = wrapped_callback(request, *callback_args, **callback_kwargs)
  File "C:\Users\Veronika\project\myproject\hw1app\views.py", line 15, in clothes
    return render(request, './clothes.html')
  File "C:\Users\Veronika\project\venv\lib\site-packages\django\shortcuts.py", line 25, in render
    content = loader.render_to_string(template_name, context, request, using=using)
  File "C:\Users\Veronika\project\venv\lib\site-packages\django\template\loader.py", line 61, in render_to_string
    template = get_template(template_name, using=using)
  File "C:\Users\Veronika\project\venv\lib\site-packages\django\template\loader.py", line 15, in get_template
    return engine.get_template(template_name)
  File "C:\Users\Veronika\project\venv\lib\site-packages\django\template\backends\django.py", line 33, in get_template
    return Template(self.engine.get_template(template_name), self)
  File "C:\Users\Veronika\project\venv\lib\site-packages\django\template\engine.py", line 177, in get_template
    template, origin = self.find_template(template_name)
  File "C:\Users\Veronika\project\venv\lib\site-packages\django\template\engine.py", line 159, in find_template
    template = loader.get_template(name, skip=skip)
  File "C:\Users\Veronika\project\venv\lib\site-packages\django\template\loaders\cached.py", line 57, in get_template
    template = super().get_template(template_name, skip)
  File "C:\Users\Veronika\project\venv\lib\site-packages\django\template\loaders\base.py", line 28, in get_template
    return Template(
  File "C:\Users\Veronika\project\venv\lib\site-packages\django\template\base.py", line 154, in __init__
    self.nodelist = self.compile_nodelist()
  File "C:\Users\Veronika\project\venv\lib\site-packages\django\template\base.py", line 196, in compile_nodelist
    return parser.parse()
  File "C:\Users\Veronika\project\venv\lib\site-packages\django\template\base.py", line 510, in parse
    raise self.error(token, e)
  File "C:\Users\Veronika\project\venv\lib\site-packages\django\template\base.py", line 508, in parse
    compiled_result = compile_func(self, token)
  File "C:\Users\Veronika\project\venv\lib\site-packages\django\template\loader_tags.py", line 295, in do_extends
    nodelist = parser.parse()
  File "C:\Users\Veronika\project\venv\lib\site-packages\django\template\base.py", line 510, in parse
    raise self.error(token, e)
  File "C:\Users\Veronika\project\venv\lib\site-packages\django\template\base.py", line 508, in parse
    compiled_result = compile_func(self, token)
  File "C:\Users\Veronika\project\venv\lib\site-packages\django\template\loader_tags.py", line 234, in do_block
    nodelist = parser.parse(("endblock",))
  File "C:\Users\Veronika\project\venv\lib\site-packages\django\template\base.py", line 481, in parse
    raise self.error(token, e)
  File "C:\Users\Veronika\project\venv\lib\site-packages\django\template\base.py", line 479, in parse
    filter_expression = self.compile_filter(token.contents)
  File "C:\Users\Veronika\project\venv\lib\site-packages\django\template\base.py", line 597, in compile_filter
    return FilterExpression(token, self)
  File "C:\Users\Veronika\project\venv\lib\site-packages\django\template\base.py", line 698, in __init__
    raise TemplateSyntaxError(
django.template.exceptions.TemplateSyntaxError: Could not parse the remainder: '()' from 'super()'
ERROR 2024-02-13 01:56:29,558 basehttp 8376 10496 "GET /clothes/ HTTP/1.1" 500 169712
INFO 2024-02-13 01:59:28,480 autoreload 8240 7040 Watching for file changes with StatReloader
INFO 2024-02-13 01:59:29,848 views 8240 9752 Index page accessed
ERROR 2024-02-13 01:59:29,949 log 8240 9752 Internal Server Error: /
Traceback (most recent call last):
  File "C:\Users\Veronika\project\venv\lib\site-packages\django\core\handlers\exception.py", line 55, in inner
    response = get_response(request)
  File "C:\Users\Veronika\project\venv\lib\site-packages\django\core\handlers\base.py", line 197, in _get_response
    response = wrapped_callback(request, *callback_args, **callback_kwargs)
  File "C:\Users\Veronika\project\myproject\hw1app\views.py", line 10, in index
    return render(request, './index.html')
  File "C:\Users\Veronika\project\venv\lib\site-packages\django\shortcuts.py", line 25, in render
    content = loader.render_to_string(template_name, context, request, using=using)
  File "C:\Users\Veronika\project\venv\lib\site-packages\django\template\loader.py", line 61, in render_to_string
    template = get_template(template_name, using=using)
  File "C:\Users\Veronika\project\venv\lib\site-packages\django\template\loader.py", line 15, in get_template
    return engine.get_template(template_name)
  File "C:\Users\Veronika\project\venv\lib\site-packages\django\template\backends\django.py", line 33, in get_template
    return Template(self.engine.get_template(template_name), self)
  File "C:\Users\Veronika\project\venv\lib\site-packages\django\template\engine.py", line 177, in get_template
    template, origin = self.find_template(template_name)
  File "C:\Users\Veronika\project\venv\lib\site-packages\django\template\engine.py", line 159, in find_template
    template = loader.get_template(name, skip=skip)
  File "C:\Users\Veronika\project\venv\lib\site-packages\django\template\loaders\cached.py", line 57, in get_template
    template = super().get_template(template_name, skip)
  File "C:\Users\Veronika\project\venv\lib\site-packages\django\template\loaders\base.py", line 28, in get_template
    return Template(
  File "C:\Users\Veronika\project\venv\lib\site-packages\django\template\base.py", line 154, in __init__
    self.nodelist = self.compile_nodelist()
  File "C:\Users\Veronika\project\venv\lib\site-packages\django\template\base.py", line 196, in compile_nodelist
    return parser.parse()
  File "C:\Users\Veronika\project\venv\lib\site-packages\django\template\base.py", line 510, in parse
    raise self.error(token, e)
  File "C:\Users\Veronika\project\venv\lib\site-packages\django\template\base.py", line 508, in parse
    compiled_result = compile_func(self, token)
  File "C:\Users\Veronika\project\venv\lib\site-packages\django\template\loader_tags.py", line 295, in do_extends
    nodelist = parser.parse()
  File "C:\Users\Veronika\project\venv\lib\site-packages\django\template\base.py", line 510, in parse
    raise self.error(token, e)
  File "C:\Users\Veronika\project\venv\lib\site-packages\django\template\base.py", line 508, in parse
    compiled_result = compile_func(self, token)
  File "C:\Users\Veronika\project\venv\lib\site-packages\django\template\loader_tags.py", line 234, in do_block
    nodelist = parser.parse(("endblock",))
  File "C:\Users\Veronika\project\venv\lib\site-packages\django\template\base.py", line 481, in parse
    raise self.error(token, e)
  File "C:\Users\Veronika\project\venv\lib\site-packages\django\template\base.py", line 479, in parse
    filter_expression = self.compile_filter(token.contents)
  File "C:\Users\Veronika\project\venv\lib\site-packages\django\template\base.py", line 597, in compile_filter
    return FilterExpression(token, self)
  File "C:\Users\Veronika\project\venv\lib\site-packages\django\template\base.py", line 698, in __init__
    raise TemplateSyntaxError(
django.template.exceptions.TemplateSyntaxError: Could not parse the remainder: '()' from 'super()'
ERROR 2024-02-13 01:59:29,956 basehttp 8240 9752 "GET / HTTP/1.1" 500 169141
INFO 2024-02-13 02:01:30,861 autoreload 11212 11040 Watching for file changes with StatReloader
INFO 2024-02-13 02:01:32,000 views 11212 4708 Index page accessed
ERROR 2024-02-13 02:01:32,095 log 11212 4708 Internal Server Error: /
Traceback (most recent call last):
  File "C:\Users\Veronika\project\venv\lib\site-packages\django\core\handlers\exception.py", line 55, in inner
    response = get_response(request)
  File "C:\Users\Veronika\project\venv\lib\site-packages\django\core\handlers\base.py", line 197, in _get_response
    response = wrapped_callback(request, *callback_args, **callback_kwargs)
  File "C:\Users\Veronika\project\myproject\hw1app\views.py", line 10, in index
    return render(request, './index.html')
  File "C:\Users\Veronika\project\venv\lib\site-packages\django\shortcuts.py", line 25, in render
    content = loader.render_to_string(template_name, context, request, using=using)
  File "C:\Users\Veronika\project\venv\lib\site-packages\django\template\loader.py", line 61, in render_to_string
    template = get_template(template_name, using=using)
  File "C:\Users\Veronika\project\venv\lib\site-packages\django\template\loader.py", line 15, in get_template
    return engine.get_template(template_name)
  File "C:\Users\Veronika\project\venv\lib\site-packages\django\template\backends\django.py", line 33, in get_template
    return Template(self.engine.get_template(template_name), self)
  File "C:\Users\Veronika\project\venv\lib\site-packages\django\template\engine.py", line 177, in get_template
    template, origin = self.find_template(template_name)
  File "C:\Users\Veronika\project\venv\lib\site-packages\django\template\engine.py", line 159, in find_template
    template = loader.get_template(name, skip=skip)
  File "C:\Users\Veronika\project\venv\lib\site-packages\django\template\loaders\cached.py", line 57, in get_template
    template = super().get_template(template_name, skip)
  File "C:\Users\Veronika\project\venv\lib\site-packages\django\template\loaders\base.py", line 28, in get_template
    return Template(
  File "C:\Users\Veronika\project\venv\lib\site-packages\django\template\base.py", line 154, in __init__
    self.nodelist = self.compile_nodelist()
  File "C:\Users\Veronika\project\venv\lib\site-packages\django\template\base.py", line 196, in compile_nodelist
    return parser.parse()
  File "C:\Users\Veronika\project\venv\lib\site-packages\django\template\base.py", line 510, in parse
    raise self.error(token, e)
  File "C:\Users\Veronika\project\venv\lib\site-packages\django\template\base.py", line 508, in parse
    compiled_result = compile_func(self, token)
  File "C:\Users\Veronika\project\venv\lib\site-packages\django\template\loader_tags.py", line 295, in do_extends
    nodelist = parser.parse()
  File "C:\Users\Veronika\project\venv\lib\site-packages\django\template\base.py", line 510, in parse
    raise self.error(token, e)
  File "C:\Users\Veronika\project\venv\lib\site-packages\django\template\base.py", line 508, in parse
    compiled_result = compile_func(self, token)
  File "C:\Users\Veronika\project\venv\lib\site-packages\django\template\loader_tags.py", line 234, in do_block
    nodelist = parser.parse(("endblock",))
  File "C:\Users\Veronika\project\venv\lib\site-packages\django\template\base.py", line 481, in parse
    raise self.error(token, e)
  File "C:\Users\Veronika\project\venv\lib\site-packages\django\template\base.py", line 479, in parse
    filter_expression = self.compile_filter(token.contents)
  File "C:\Users\Veronika\project\venv\lib\site-packages\django\template\base.py", line 597, in compile_filter
    return FilterExpression(token, self)
  File "C:\Users\Veronika\project\venv\lib\site-packages\django\template\base.py", line 698, in __init__
    raise TemplateSyntaxError(
django.template.exceptions.TemplateSyntaxError: Could not parse the remainder: '()' from 'super()'
ERROR 2024-02-13 02:01:32,103 basehttp 11212 4708 "GET / HTTP/1.1" 500 169125
INFO 2024-02-13 02:13:12,494 autoreload 8376 5228 Watching for file changes with StatReloader
INFO 2024-02-13 02:13:13,619 views 8376 10888 Index page accessed
INFO 2024-02-13 02:13:13,627 basehttp 8376 10888 "GET / HTTP/1.1" 200 1503
INFO 2024-02-13 02:13:13,821 basehttp 8376 10888 "GET /static/img/clothes.jpg HTTP/1.1" 200 534815
INFO 2024-02-13 02:13:13,843 basehttp 8376 8596 "GET /static/img/footwear.jpg HTTP/1.1" 200 79917
DEBUG 2024-02-13 02:13:16,449 views 8376 10888 Clothes page accessed
INFO 2024-02-13 02:13:16,451 basehttp 8376 10888 "GET /clothes/ HTTP/1.1" 200 1507
INFO 2024-02-13 02:13:16,509 basehttp 8376 10888 "GET /static/img/jacket.jpg HTTP/1.1" 200 31837
INFO 2024-02-13 02:13:16,510 basehttp 8376 8596 "GET /static/img/trousers.jpg HTTP/1.1" 200 66528
INFO 2024-02-13 02:13:16,578 basehttp 8376 8596 "GET /static/img/cap.jpg HTTP/1.1" 200 37605
DEBUG 2024-02-13 02:13:19,302 views 8376 8596 Jacket page accessed
ERROR 2024-02-13 02:13:19,357 log 8376 8596 Internal Server Error: /jacket/
Traceback (most recent call last):
  File "C:\Users\Veronika\project\venv\lib\site-packages\django\core\handlers\exception.py", line 55, in inner
    response = get_response(request)
  File "C:\Users\Veronika\project\venv\lib\site-packages\django\core\handlers\base.py", line 197, in _get_response
    response = wrapped_callback(request, *callback_args, **callback_kwargs)
  File "C:\Users\Veronika\project\myproject\hw1app\views.py", line 25, in jacket
    return render(request, './jacket.html')
  File "C:\Users\Veronika\project\venv\lib\site-packages\django\shortcuts.py", line 25, in render
    content = loader.render_to_string(template_name, context, request, using=using)
  File "C:\Users\Veronika\project\venv\lib\site-packages\django\template\loader.py", line 61, in render_to_string
    template = get_template(template_name, using=using)
  File "C:\Users\Veronika\project\venv\lib\site-packages\django\template\loader.py", line 15, in get_template
    return engine.get_template(template_name)
  File "C:\Users\Veronika\project\venv\lib\site-packages\django\template\backends\django.py", line 33, in get_template
    return Template(self.engine.get_template(template_name), self)
  File "C:\Users\Veronika\project\venv\lib\site-packages\django\template\engine.py", line 177, in get_template
    template, origin = self.find_template(template_name)
  File "C:\Users\Veronika\project\venv\lib\site-packages\django\template\engine.py", line 159, in find_template
    template = loader.get_template(name, skip=skip)
  File "C:\Users\Veronika\project\venv\lib\site-packages\django\template\loaders\cached.py", line 57, in get_template
    template = super().get_template(template_name, skip)
  File "C:\Users\Veronika\project\venv\lib\site-packages\django\template\loaders\base.py", line 28, in get_template
    return Template(
  File "C:\Users\Veronika\project\venv\lib\site-packages\django\template\base.py", line 154, in __init__
    self.nodelist = self.compile_nodelist()
  File "C:\Users\Veronika\project\venv\lib\site-packages\django\template\base.py", line 196, in compile_nodelist
    return parser.parse()
  File "C:\Users\Veronika\project\venv\lib\site-packages\django\template\base.py", line 510, in parse
    raise self.error(token, e)
  File "C:\Users\Veronika\project\venv\lib\site-packages\django\template\base.py", line 508, in parse
    compiled_result = compile_func(self, token)
  File "C:\Users\Veronika\project\venv\lib\site-packages\django\template\loader_tags.py", line 295, in do_extends
    nodelist = parser.parse()
  File "C:\Users\Veronika\project\venv\lib\site-packages\django\template\base.py", line 510, in parse
    raise self.error(token, e)
  File "C:\Users\Veronika\project\venv\lib\site-packages\django\template\base.py", line 508, in parse
    compiled_result = compile_func(self, token)
  File "C:\Users\Veronika\project\venv\lib\site-packages\django\template\loader_tags.py", line 234, in do_block
    nodelist = parser.parse(("endblock",))
  File "C:\Users\Veronika\project\venv\lib\site-packages\django\template\base.py", line 481, in parse
    raise self.error(token, e)
  File "C:\Users\Veronika\project\venv\lib\site-packages\django\template\base.py", line 479, in parse
    filter_expression = self.compile_filter(token.contents)
  File "C:\Users\Veronika\project\venv\lib\site-packages\django\template\base.py", line 597, in compile_filter
    return FilterExpression(token, self)
  File "C:\Users\Veronika\project\venv\lib\site-packages\django\template\base.py", line 698, in __init__
    raise TemplateSyntaxError(
django.template.exceptions.TemplateSyntaxError: Could not parse the remainder: '()' from 'super()'
ERROR 2024-02-13 02:13:19,363 basehttp 8376 8596 "GET /jacket/ HTTP/1.1" 500 167578
DEBUG 2024-02-13 02:13:41,181 views 8376 8596 Jacket page accessed
INFO 2024-02-13 02:13:41,183 basehttp 8376 8596 "GET /jacket/ HTTP/1.1" 200 1233
INFO 2024-02-13 02:15:20,084 autoreload 8376 5228 C:\Users\Veronika\project\myproject\myproject\settings.py changed, reloading.
